[2024-01-13 22:04:51,842] [INFO   ] [ray_on_golem.server.main] Starting server... port=4578, self_shutdown=True, registry_stats=True
[2024-01-13 22:04:51,842] [INFO   ] [ray_on_golem.server.services.yagna] Starting YagnaService...
[2024-01-13 22:04:51,843] [INFO   ] [ray_on_golem.server.services.yagna] Starting Yagna...
[2024-01-13 22:04:53,858] [INFO   ] [ray_on_golem.server.services.yagna] Yagna is not yet running, waiting additional `2` seconds...
[2024-01-13 22:04:55,865] [INFO   ] [ray_on_golem.server.services.yagna] Yagna is not yet running, waiting additional `2` seconds...
[2024-01-13 22:04:57,869] [INFO   ] [ray_on_golem.server.services.yagna] Yagna is not yet running, waiting additional `2` seconds...
[2024-01-13 22:04:59,872] [INFO   ] [ray_on_golem.server.services.yagna] Yagna is not yet running, waiting additional `2` seconds...
[2024-01-13 22:05:01,881] [INFO   ] [ray_on_golem.server.services.yagna] Starting Yagna done
[2024-01-13 22:05:01,881] [INFO   ] [ray_on_golem.server.services.yagna] Starting YagnaService done
[2024-01-13 22:05:01,882] [INFO   ] [ray_on_golem.server.services.golem.golem] Starting GolemService...
[2024-01-13 22:05:02,439] [INFO   ] [ray_on_golem.server.services.golem.golem] Starting GolemService done
[2024-01-13 22:05:02,440] [INFO   ] [ray_on_golem.server.main] Starting server done, listening on port 4578
[2024-01-13 22:05:03,086] [INFO   ] [ray_on_golem.server.services.ray] Creating default ssh key for `golem-cluster`...
[2024-01-13 22:05:04,384] [INFO   ] [ray_on_golem.server.services.ray] Creating default ssh key for `golem-cluster` done with path `/tmp/ray_on_golem/ray_on_golem_rsa_2b6976a4b5`
[2024-01-13 22:05:06,119] [INFO   ] [ray_on_golem.server.services.ray] Requested 1 nodes
[2024-01-13 22:05:06,120] [INFO   ] [ray_on_golem.server.services.golem.golem] Creating new stack `c307e76dbe1c999efdc24522324bf167`... total_budget=2.0, payment_network='polygon', subnet_tag='public'
[2024-01-13 22:05:06,926] [INFO   ] [ray_on_golem.server.services.golem.manager_stack] Starting stack managers...
[2024-01-13 22:05:06,926] [INFO   ] [golem.managers.payment.pay_all] Starting PayAllPaymentManager...
[2024-01-13 22:05:06,926] [INFO   ] [golem.managers.payment.pay_all] Starting PayAllPaymentManager done
[2024-01-13 22:05:06,926] [INFO   ] [golem.managers.demand.refreshing] Starting RefreshingDemandManager...
[2024-01-13 22:05:06,926] [INFO   ] [golem.managers.demand.refreshing] Starting RefreshingDemandManager done
[2024-01-13 22:05:06,926] [INFO   ] [golem.managers.proposal.default] Starting DefaultProposalManager...
[2024-01-13 22:05:06,929] [INFO   ] [golem.managers.proposal.default] Starting DefaultProposalManager done
[2024-01-13 22:05:06,929] [INFO   ] [ray_on_golem.server.services.golem.manager_stack] Starting stack managers done
[2024-01-13 22:05:06,929] [INFO   ] [ray_on_golem.server.services.golem.golem] Creating new stack `c307e76dbe1c999efdc24522324bf167` done
[2024-01-13 22:05:06,929] [INFO   ] [ray_on_golem.server.services.golem.golem] Creating new activity...
[2024-01-13 22:05:06,929] [INFO   ] [golem.managers.agreement.default] Getting agreement...
[2024-01-13 22:05:06,929] [INFO   ] [golem.managers.proposal.default] Getting draft proposal...
[2024-01-13 22:05:06,930] [INFO   ] [golem.managers.payment.pay_all] Getting allocation...
[2024-01-13 22:05:07,384] [INFO   ] [golem.managers.payment.pay_all] Getting allocation done with `Allocation(fb982580-b657-4a6e-9900-81f499c46708)`
[2024-01-13 22:05:07,501] [INFO   ] [golem.managers.demand.refreshing] Received first initial proposal
[2024-01-13 22:05:18,299] [INFO   ] [golem.managers.proposal.plugins.negotiating.negotiating_plugin] Negotiation based on proposal `Proposal(R-b055f5796fb2c47fb70a1c24ee26ecca3bd5cb66c462c41077abce800c18707b)` succeeded
success count: 1/3
[2024-01-13 22:05:18,300] [INFO   ] [golem.managers.proposal.default] Getting draft proposal done with `Proposal(R-68f9982bdd3522874196ef3b15dd6c44afb0f445d6d078020133100eff84d186)`
[2024-01-13 22:05:18,409] [INFO   ] [golem.managers.proposal.plugins.negotiating.negotiating_plugin] Negotiation based on proposal `Proposal(R-59a7cf8dde7c1fd3ae403570419ad2e2e86aaac6e5bb6c4cceca9c573b016a23)` succeeded
success count: 2/4
[2024-01-13 22:05:18,999] [INFO   ] [golem.managers.agreement.default] Getting agreement done with `Agreement(5c28117546adb99ac4376ce28b5ea1bfddb5581c4862aca0b6219710a89fa308)`
[2024-01-13 22:05:19,336] [INFO   ] [golem.managers.proposal.plugins.negotiating.negotiating_plugin] Negotiation based on proposal `Proposal(R-a77496dfd336624e5e8d91e9f3141f532124446a2aed1fa4a3509b6f1f95f04c)` succeeded
success count: 3/5
[2024-01-13 22:05:21,576] [INFO   ] [ray_on_golem.server.services.golem.golem] Deploying image on Mr.Eesh-EPYC13 (0xbc43c742d89151d5ec9ba3b3271e201c937c587f), ip='192.168.0.3', activity=Activity(2f384388c87c4450b1571c07446e58f2)
[2024-01-13 22:06:04,375] [INFO   ] [ray_on_golem.server.services.golem.golem] Starting VM container on Mr.Eesh-EPYC13 (0xbc43c742d89151d5ec9ba3b3271e201c937c587f), ip='192.168.0.3', activity=Activity(2f384388c87c4450b1571c07446e58f2)
[2024-01-13 22:06:09,780] [INFO   ] [ray_on_golem.server.services.golem.golem] Running initial commands on Mr.Eesh-EPYC13 (0xbc43c742d89151d5ec9ba3b3271e201c937c587f), ip='192.168.0.3', context.activity=Activity(2f384388c87c4450b1571c07446e58f2)
[2024-01-13 22:06:11,935] [INFO   ] [ray_on_golem.server.services.golem.golem] Starting ssh service on Mr.Eesh-EPYC13 (0xbc43c742d89151d5ec9ba3b3271e201c937c587f), ip='192.168.0.3', context.activity=Activity(2f384388c87c4450b1571c07446e58f2)
[2024-01-13 22:06:16,078] [INFO   ] [ray_on_golem.server.services.golem.golem] SSH connection check successful on Mr.Eesh-EPYC13 (0xbc43c742d89151d5ec9ba3b3271e201c937c587f), ip='192.168.0.3', activity=Activity(2f384388c87c4450b1571c07446e58f2).
[2024-01-13 22:06:16,090] [INFO   ] [ray_on_golem.server.services.golem.golem] Creating new activity done on Mr.Eesh-EPYC13 (0xbc43c742d89151d5ec9ba3b3271e201c937c587f), ip='192.168.0.3', activity=Activity(2f384388c87c4450b1571c07446e58f2)
[2024-01-13 22:06:16,090] [INFO   ] [ray_on_golem.server.services.ray] Starting head node to webserver tunnel...
[2024-01-13 22:06:16,106] [INFO   ] [ray_on_golem.server.services.ray] Starting head node to webserver tunnel done
[2024-01-13 22:06:44,505] [INFO   ] [ray_on_golem.server.services.ray] Requested 1 nodes
[2024-01-13 22:06:44,512] [INFO   ] [ray_on_golem.server.services.golem.golem] Creating new activity...
[2024-01-13 22:06:44,519] [INFO   ] [golem.managers.agreement.default] Getting agreement...
[2024-01-13 22:06:44,519] [INFO   ] [golem.managers.proposal.default] Getting draft proposal...
[2024-01-13 22:06:44,520] [INFO   ] [golem.managers.proposal.default] Getting draft proposal done with `Proposal(R-04bfa9c06952ff0b88a7a88fc23581f47a52565dd1e5912fcea4708c8cae7988)`
[2024-01-13 22:06:45,151] [INFO   ] [golem.managers.agreement.default] Getting agreement done with `Agreement(b0e4861fd60367737654f221b0ed3654e3a144e9a36dc1de3505af68f9acd424)`
[2024-01-13 22:06:47,731] [INFO   ] [ray_on_golem.server.services.golem.golem] Deploying image on Mr.Eesh-EPYC14 (0x196d61e75c56e431f20654e09e5bf167605d61da), ip='192.168.0.4', activity=Activity(de5b1e201d7249bf86a4b135b750c38c)
[2024-01-13 22:07:20,556] [INFO   ] [golem.managers.payment.pay_all] DebitNote `2624d979-6ea1-4b62-b0d9-9e98994111d9` for agreement `5c28117546adb99ac4376ce28b5ea1bfddb5581c4862aca0b6219710a89fa308` accepted
[2024-01-13 22:07:20,862] [INFO   ] [ray_on_golem.server.services.golem.golem] Starting VM container on Mr.Eesh-EPYC14 (0x196d61e75c56e431f20654e09e5bf167605d61da), ip='192.168.0.4', activity=Activity(de5b1e201d7249bf86a4b135b750c38c)
[2024-01-13 22:07:25,742] [INFO   ] [ray_on_golem.server.services.golem.golem] Running initial commands on Mr.Eesh-EPYC14 (0x196d61e75c56e431f20654e09e5bf167605d61da), ip='192.168.0.4', context.activity=Activity(de5b1e201d7249bf86a4b135b750c38c)
[2024-01-13 22:07:27,752] [INFO   ] [ray_on_golem.server.services.golem.golem] Starting ssh service on Mr.Eesh-EPYC14 (0x196d61e75c56e431f20654e09e5bf167605d61da), ip='192.168.0.4', context.activity=Activity(de5b1e201d7249bf86a4b135b750c38c)
[2024-01-13 22:07:31,577] [INFO   ] [ray_on_golem.server.services.golem.golem] SSH connection check successful on Mr.Eesh-EPYC14 (0x196d61e75c56e431f20654e09e5bf167605d61da), ip='192.168.0.4', activity=Activity(de5b1e201d7249bf86a4b135b750c38c).
[2024-01-13 22:07:31,593] [INFO   ] [ray_on_golem.server.services.golem.golem] Creating new activity done on Mr.Eesh-EPYC14 (0x196d61e75c56e431f20654e09e5bf167605d61da), ip='192.168.0.4', activity=Activity(de5b1e201d7249bf86a4b135b750c38c)
[2024-01-13 22:08:46,834] [INFO   ] [golem.managers.payment.pay_all] DebitNote `0e4dcc30-375c-495d-bc93-8a8a1e98cf2c` for agreement `b0e4861fd60367737654f221b0ed3654e3a144e9a36dc1de3505af68f9acd424` accepted
[2024-01-13 22:09:19,930] [INFO   ] [golem.managers.payment.pay_all] DebitNote `82265072-7839-4e7d-8127-2bbf4cc47306` for agreement `5c28117546adb99ac4376ce28b5ea1bfddb5581c4862aca0b6219710a89fa308` accepted
